<?xml version="1.0" encoding="UTF-8"?>
<testng-results ignored="0" total="1" passed="1" failed="0" skipped="0">
  <reporter-output>
  </reporter-output>
  <suite started-at="2023-11-23T10:47:56 IST" name="Default suite" finished-at="2023-11-23T10:47:56 IST" duration-ms="44">
    <groups>
    </groups>
    <test started-at="2023-11-23T10:47:56 IST" name="Default test" finished-at="2023-11-23T10:47:56 IST" duration-ms="44">
      <class name="sampleExecution.PropertiesExecutiontest">
        <test-method signature="fetchData()[pri:0, instance:sampleExecution.PropertiesExecutiontest@2fb3536e]" started-at="2023-11-23T10:47:56 IST" name="fetchData" finished-at="2023-11-23T10:47:56 IST" duration-ms="16" status="PASS">
          <reporter-output>
          </reporter-output>
        </test-method> <!-- fetchData -->
      </class> <!-- sampleExecution.PropertiesExecutiontest -->
    </test> <!-- Default test -->
  </suite> <!-- Default suite -->
</testng-results>
